2025-09-29T14:10:51: 
> devority@0.1.0 start
> next start

2025-09-29T14:10:51: 2025-09-29T14:10:51: 
> devority@0.1.0 start
> next start

2025-09-29T14:10:51: 2025-09-29T14:10:51: 
> devority@0.1.0 start
> next start

2025-09-29T14:10:51: 2025-09-29T14:10:51: 
> devority@0.1.0 start
> next start

2025-09-29T14:10:51: 2025-09-29T14:10:52: 
> devority@0.1.0 start
> next start

2025-09-29T14:10:52: 2025-09-29T14:10:52: 
> devority@0.1.0 start
> next start

2025-09-29T14:10:52: 2025-09-29T14:10:52: 
> devority@0.1.0 start
> next start

2025-09-29T14:10:52: 2025-09-29T14:10:52: 2025-09-29T14:10:52: 
> devority@0.1.0 start
> next start

2025-09-29T14:10:52: 2025-09-29T14:10:52: 2025-09-29T14:10:53: 
> devority@0.1.0 start
> next start

2025-09-29T14:10:53: 2025-09-29T14:10:53: 
> devority@0.1.0 start
> next start

2025-09-29T14:10:53: 2025-09-29T14:13:48: 
2025-09-29T14:13:48: > devority@0.1.0 start
2025-09-29T14:13:48: > next start
2025-09-29T14:13:48: 
2025-09-29T14:13:48: 
2025-09-29T14:13:48: > devority@0.1.0 start
2025-09-29T14:13:48: > next start
2025-09-29T14:13:48: 
2025-09-29T14:13:49: 
2025-09-29T14:13:49: > devority@0.1.0 start
2025-09-29T14:13:49: > next start
2025-09-29T14:13:49: 
2025-09-29T14:13:50: 
2025-09-29T14:13:50: > devority@0.1.0 start
2025-09-29T14:13:50: > next start
2025-09-29T14:13:50: 
2025-09-29T14:13:50: 
2025-09-29T14:13:50: > devority@0.1.0 start
2025-09-29T14:13:50: > next start
2025-09-29T14:13:50: 
2025-09-29T14:13:50: 
2025-09-29T14:13:50: > devority@0.1.0 start
2025-09-29T14:13:50: > next start
2025-09-29T14:13:50: 
2025-09-29T14:13:51: 
2025-09-29T14:13:51: > devority@0.1.0 start
2025-09-29T14:13:51: > next start
2025-09-29T14:13:51: 
2025-09-29T14:13:51: 
2025-09-29T14:13:51: > devority@0.1.0 start
2025-09-29T14:13:51: > next start
2025-09-29T14:13:51: 
2025-09-29T14:13:52: 
2025-09-29T14:13:52: > devority@0.1.0 start
2025-09-29T14:13:52: > next start
2025-09-29T14:13:52: 
2025-09-29T14:13:52: 
2025-09-29T14:13:52: > devority@0.1.0 start
2025-09-29T14:13:52: > next start
2025-09-29T14:13:52: 
2025-09-29T14:16:29: 
2025-09-29T14:16:29: > devority@0.1.0 start
2025-09-29T14:16:29: > next start
2025-09-29T14:16:29: 
2025-09-29T14:16:29: 
2025-09-29T14:16:29: > devority@0.1.0 start
2025-09-29T14:16:29: > next start
2025-09-29T14:16:29: 
2025-09-29T14:16:30: 
2025-09-29T14:16:30: > devority@0.1.0 start
2025-09-29T14:16:30: > next start
2025-09-29T14:16:30: 
2025-09-29T14:16:30: 
2025-09-29T14:16:30: > devority@0.1.0 start
2025-09-29T14:16:30: > next start
2025-09-29T14:16:30: 
2025-09-29T14:16:30: 
2025-09-29T14:16:30: > devority@0.1.0 start
2025-09-29T14:16:30: > next start
2025-09-29T14:16:30: 
2025-09-29T14:16:30: 
2025-09-29T14:16:30: > devority@0.1.0 start
2025-09-29T14:16:30: > next start
2025-09-29T14:16:30: 
2025-09-29T14:16:31: 
2025-09-29T14:16:31: > devority@0.1.0 start
2025-09-29T14:16:31: > next start
2025-09-29T14:16:31: 
2025-09-29T14:16:31: 
2025-09-29T14:16:31: > devority@0.1.0 start
2025-09-29T14:16:31: > next start
2025-09-29T14:16:31: 
2025-09-29T14:16:31: 
2025-09-29T14:16:31: > devority@0.1.0 start
2025-09-29T14:16:31: > next start
2025-09-29T14:16:31: 
2025-09-29T14:16:32: 
2025-09-29T14:16:32: > devority@0.1.0 start
2025-09-29T14:16:32: > next start
2025-09-29T14:16:32: 
